[INFO] Scanning for projects...
[INFO] 
[INFO] -----------------------< Assigment3:Assigment3 >------------------------
[INFO] Building Assigment3 0.0.1-SNAPSHOT
[INFO]   from pom.xml
[INFO] --------------------------------[ jar ]---------------------------------
[INFO] 
[INFO] --- clean:3.5.0:clean (default-clean) @ Assigment3 ---
[INFO] Deleting C:\Users\Dylan Yank\OneDrive\Desktop\Project Backend API Progress Presentation\sp26-team3\backend-api\target
[INFO] ------------------------------------------------------------------------
[INFO] BUILD FAILURE
[INFO] ------------------------------------------------------------------------
[INFO] Total time:  1.782 s
[INFO] Finished at: 2026-03-24T01:31:19-04:00
[INFO] ------------------------------------------------------------------------
[ERROR] Failed to execute goal org.apache.maven.plugins:maven-clean-plugin:3.5.0:clean (default-clean) on project Assigment3: Failed to clean project: Failed to delete C:\Users\Dylan Yank\OneDrive\Desktop\Project Backend API Progress Presentation\sp26-team3\backend-api\target\classes\static\high-fidelity-prototype\customerprototype -> [Help 1]
[ERROR] 
[ERROR] To see the full stack trace of the errors, re-run Maven with the -e switch.
[ERROR] Re-run Maven using the -X switch to enable full debug logging.
[ERROR] 
[ERROR] For more information about the errors and possible solutions, please read the following articles:
[ERROR] [Help 1] http://cwiki.apache.org/confluence/display/MAVEN/MojoExecutionException
